<?xml version="1.0" encoding="UTF-8"?>
<!-- Generated by org.testng.reporters.JUnitXMLReporter -->
<testsuite ignored="0" hostname="DESKTOP-JCSH58D" failures="1" tests="2" name="Test" time="23.499" errors="0" timestamp="2024-07-15T12:52:20 IST">
  <testcase classname="test.TC001_LoginTest" name="validLoginTest" time="2.548"/>
  <testcase classname="test.TC001_LoginTest" name="validLoginTest" time="1.823">
    <failure type="java.lang.AssertionError" message="The following asserts failed:
	expected [Please enter a valid ] but found [Please enter a valid email address.]">
      <![CDATA[java.lang.AssertionError: The following asserts failed:
expected [Please enter a valid ] but found [Please enter a valid email address.]
at utils.UtilityClass.soft_assert(UtilityClass.java:139)
at pages.HomePage.validateLogin(HomePage.java:58)
at test.TC001_LoginTest.validLoginTest(TC001_LoginTest.java:33)
at java.base/java.util.ArrayList.forEach(ArrayList.java:1511)
... Removed 29 stack frames]]>
    </failure>
  </testcase> <!-- validLoginTest -->
</testsuite> <!-- Test -->
